\BOOKMARK [1][-]{section.1}{Introduction}{}% 1
\BOOKMARK [2][-]{subsection.1.1}{Past Work}{section.1}% 2
\BOOKMARK [1][-]{section.2}{Our Results}{}% 3
\BOOKMARK [2][-]{subsection.2.1}{Other Contributions}{section.2}% 4
\BOOKMARK [2][-]{subsection.2.2}{Definitions and Preliminaries}{section.2}% 5
\BOOKMARK [1][-]{section.3}{Outline}{}% 6
\BOOKMARK [1][-]{section.4}{Exactly Computing Nearest Neighbor Metrics for all point sets, and q-NN metrics on small point sets}{}% 7
\BOOKMARK [2][-]{subsection.4.1}{Proof Overview}{section.4}% 8
\BOOKMARK [2][-]{subsection.4.2}{Reduction to q-screw simplex}{section.4}% 9
\BOOKMARK [3][-]{subsubsection.4.2.1}{Boxes}{subsection.4.2}% 10
\BOOKMARK [3][-]{subsubsection.4.2.2}{Lifting the points to Rn}{subsection.4.2}% 11
\BOOKMARK [3][-]{subsubsection.4.2.3}{The Lipschitz Extension}{subsection.4.2}% 12
\BOOKMARK [2][-]{subsection.4.3}{Construction of G'}{section.4}% 13
\BOOKMARK [2][-]{subsection.4.4}{Construction of C}{section.4}% 14
\BOOKMARK [1][-]{section.5}{Proof of Theorem 1.4 and 1.5}{}% 15
\BOOKMARK [2][-]{subsection.5.1}{Counterexamples to Theorem 1.4 when q < 2}{section.5}% 16
\BOOKMARK [1][-]{section.6}{Isometries from the q-Screw Simplex}{}% 17
\BOOKMARK [1][-]{section.7}{Fractional Laplacian}{}% 18
\BOOKMARK [1][-]{section.8}{Spanner Results}{}% 19
\BOOKMARK [2][-]{subsection.8.1}{Persistent Homology of the Nearest Neighbor Metric}{section.8}% 20
\BOOKMARK [1][-]{section.9}{Relation to MST distances, and other distances in Geometry}{}% 21
